<?xml version="1.0" encoding="UTF-8"?>
<!-- Generated by org.testng.reporters.JUnitReportReporter -->
<testsuite hostname="Rohits-MacBook-Pro.local" failures="0" tests="2" name="ni.automation.ni_selenium.ContactPage" time="0.163" errors="0" timestamp="2020-10-24T19:16:32 PDT" skipped="0">
  <testcase classname="ni.automation.ni_selenium.ContactPage" name="testContactButtons" time="0.051"/>
  <system-out/>
  <testcase classname="ni.automation.ni_selenium.ContactPage" name="testRequiredMessageFields" time="0.112"/>
  <system-out/>
</testsuite> <!-- ni.automation.ni_selenium.ContactPage -->
