<?xml version="1.0" encoding="UTF-8"?>
<!-- Generated by org.testng.reporters.JUnitReportReporter -->
<testsuite hostname="Rohits-MacBook-Pro.local" failures="0" tests="3" name="ni.automation.ni_selenium.AppointmentPage" time="0.923" errors="0" timestamp="2020-10-24T19:16:32 PDT" skipped="0">
  <testcase classname="ni.automation.ni_selenium.AppointmentPage" name="testRequired" time="0.139"/>
  <system-out/>
  <testcase classname="ni.automation.ni_selenium.AppointmentPage" name="testLocationOptions" time="0.088"/>
  <system-out/>
  <testcase classname="ni.automation.ni_selenium.AppointmentPage" name="testServiceOptions" time="0.696"/>
  <system-out/>
</testsuite> <!-- ni.automation.ni_selenium.AppointmentPage -->
