<?xml version="1.0" encoding="UTF-8"?>
<!-- Generated by org.testng.reporters.JUnitReportReporter -->
<testsuite hostname="Rohits-MacBook-Pro.local" failures="0" tests="1" name="ni.automation.ni_selenium.AboutUs" time="0.011" errors="0" timestamp="2020-10-23T18:28:22 PDT" skipped="0">
  <testcase classname="ni.automation.ni_selenium.AboutUs" name="testHomeLink" time="0.011"/>
  <system-out/>
</testsuite> <!-- ni.automation.ni_selenium.AboutUs -->
