<?xml version="1.0" encoding="UTF-8"?>
<!-- Generated by org.testng.reporters.JUnitReportReporter -->
<testsuite hostname="Rohits-MacBook-Pro.local" failures="0" tests="4" name="ni.automation.ni_selenium.HomePage" time="11.662" errors="0" timestamp="2020-10-25T10:24:12 PDT" skipped="0">
  <testcase classname="ni.automation.ni_selenium.HomePage" name="testSocialIcons" time="4.366"/>
  <system-out/>
  <testcase classname="ni.automation.ni_selenium.HomePage" name="testLinks" time="6.452"/>
  <system-out/>
  <testcase classname="ni.automation.ni_selenium.HomePage" name="testStaticButtons" time="0.792"/>
  <system-out/>
  <testcase classname="ni.automation.ni_selenium.HomePage" name="testLogo" time="0.052"/>
  <system-out/>
</testsuite> <!-- ni.automation.ni_selenium.HomePage -->
