<?xml version="1.0" encoding="UTF-8"?>
<!-- Generated by org.testng.reporters.JUnitReportReporter -->
<testsuite hostname="Rohits-MacBook-Pro.local" failures="0" tests="1" name="ni.automation.ni_selenium.AppTest" time="0.001" errors="0" timestamp="2020-10-24T19:16:32 PDT" skipped="0">
  <testcase classname="ni.automation.ni_selenium.AppTest" name="shouldAnswerWithTrue" time="0.001"/>
  <system-out/>
</testsuite> <!-- ni.automation.ni_selenium.AppTest -->
