<?xml version="1.0" encoding="UTF-8"?>
<!-- Generated by org.testng.reporters.JUnitReportReporter -->
<testsuite hostname="Rohits-MacBook-Pro.local" failures="0" tests="2" name="ni.automation.ni_selenium.ContactPage" time="0.172" errors="0" timestamp="2020-10-26T09:27:16 PDT" skipped="0">
  <testcase classname="ni.automation.ni_selenium.ContactPage" name="testContactButtons" time="0.058"/>
  <system-out/>
  <testcase classname="ni.automation.ni_selenium.ContactPage" name="testRequiredMessageFields" time="0.114"/>
  <system-out/>
</testsuite> <!-- ni.automation.ni_selenium.ContactPage -->
