<?xml version="1.0" encoding="UTF-8"?>
<!-- Generated by org.testng.reporters.JUnitReportReporter -->
<testsuite hostname="Rohits-MacBook-Pro.local" failures="0" tests="4" name="ni.automation.ni_selenium.HomePage" time="10.867" errors="0" timestamp="2020-10-26T09:27:16 PDT" skipped="0">
  <testcase classname="ni.automation.ni_selenium.HomePage" name="testSocialIcons" time="5.079"/>
  <system-out/>
  <testcase classname="ni.automation.ni_selenium.HomePage" name="testLinks" time="5.029"/>
  <system-out/>
  <testcase classname="ni.automation.ni_selenium.HomePage" name="testStaticButtons" time="0.706"/>
  <system-out/>
  <testcase classname="ni.automation.ni_selenium.HomePage" name="testLogo" time="0.053"/>
  <system-out/>
</testsuite> <!-- ni.automation.ni_selenium.HomePage -->
