<?xml version="1.0" encoding="UTF-8"?>
<!-- Generated by org.testng.reporters.JUnitReportReporter -->
<testsuite hostname="Rohits-MacBook-Pro.local" failures="0" tests="3" name="ni.automation.ni_selenium.AboutUsPage" time="2.655" errors="0" timestamp="2020-10-26T09:27:16 PDT" skipped="0">
  <testcase classname="ni.automation.ni_selenium.AboutUsPage" name="testPageTitle" time="0.007"/>
  <system-out/>
  <testcase classname="ni.automation.ni_selenium.AboutUsPage" name="testHomeLink" time="0.426"/>
  <system-out/>
  <testcase classname="ni.automation.ni_selenium.AboutUsPage" name="testMemberPages" time="2.222"/>
  <system-out/>
</testsuite> <!-- ni.automation.ni_selenium.AboutUsPage -->
