<?xml version="1.0" encoding="UTF-8"?>
<!-- Generated by org.testng.reporters.JUnitReportReporter -->
<testsuite hostname="Rohits-MacBook-Pro.local" failures="0" tests="1" name="ni.automation.ni_selenium.AppTest" time="0.000" errors="0" timestamp="2020-10-26T09:27:16 PDT" skipped="0">
  <testcase classname="ni.automation.ni_selenium.AppTest" name="shouldAnswerWithTrue" time="0.000"/>
  <system-out/>
</testsuite> <!-- ni.automation.ni_selenium.AppTest -->
