<?xml version="1.0" encoding="UTF-8"?>
<!-- Generated by org.testng.reporters.JUnitReportReporter -->
<testsuite hostname="Rohits-MacBook-Pro.local" failures="0" tests="3" name="ni.automation.ni_selenium.AppointmentPage" time="1.039" errors="0" timestamp="2020-10-26T09:27:16 PDT" skipped="0">
  <testcase classname="ni.automation.ni_selenium.AppointmentPage" name="testRequiredAppointmentFields" time="0.311"/>
  <system-out/>
  <testcase classname="ni.automation.ni_selenium.AppointmentPage" name="testLocationOptions" time="0.086"/>
  <system-out/>
  <testcase classname="ni.automation.ni_selenium.AppointmentPage" name="testServiceOptions" time="0.642"/>
  <system-out/>
</testsuite> <!-- ni.automation.ni_selenium.AppointmentPage -->
